{
  "stats": {
    "suites": 5,
    "tests": 6,
    "passes": 4,
    "pending": 2,
    "failures": 0,
    "start": "2024-09-28T13:41:57.042Z",
    "end": "2024-09-28T13:41:59.277Z",
    "duration": 2235,
    "testsRegistered": 6,
    "passPercent": 100,
    "pendingPercent": 33.33333333333333,
    "other": 0,
    "hasOther": false,
    "skipped": 0,
    "hasSkipped": false
  },
  "results": [
    {
      "uuid": "28957967-e1f0-40a5-a0af-878ca4e7e1a0",
      "title": "",
      "fullFile": "",
      "file": "",
      "beforeHooks": [],
      "afterHooks": [],
      "tests": [],
      "suites": [
        {
          "uuid": "2a24b525-bc2c-49b4-97a4-adda07d01158",
          "title": "get registration",
          "fullFile": "D:\\Sanbercode\\TUGAS API AUTO\\tugasamel.js",
          "file": "\\tugasamel.js",
          "beforeHooks": [],
          "afterHooks": [],
          "tests": [
            {
              "title": "create account",
              "fullTitle": "get registration create account",
              "timedOut": false,
              "duration": 0,
              "state": "pending",
              "speed": null,
              "pass": false,
              "fail": false,
              "pending": true,
              "context": null,
              "code": "",
              "err": {},
              "uuid": "d403d5ba-4730-47af-84e8-b2a7326675ee",
              "parentUUID": "2a24b525-bc2c-49b4-97a4-adda07d01158",
              "isHook": false,
              "skipped": false
            }
          ],
          "suites": [],
          "passes": [],
          "failures": [],
          "pending": [
            "d403d5ba-4730-47af-84e8-b2a7326675ee"
          ],
          "skipped": [],
          "duration": 0,
          "root": false,
          "rootEmpty": false,
          "_timeout": 2000
        },
        {
          "uuid": "c72434cb-f2ca-43b5-9032-01e56a59f4f8",
          "title": "get login",
          "fullFile": "D:\\Sanbercode\\TUGAS API AUTO\\tugasamel.js",
          "file": "\\tugasamel.js",
          "beforeHooks": [],
          "afterHooks": [],
          "tests": [
            {
              "title": "login",
              "fullTitle": "get login login",
              "timedOut": false,
              "duration": 1764,
              "state": "passed",
              "speed": "slow",
              "pass": true,
              "fail": false,
              "pending": false,
              "context": null,
              "code": "const response = await request(baseUrl)\n    .post(\"/authentications\")\n    .send({\n        \"email\": \"tokoameng@ex.com\",\n        \"password\": \"123yes\",\n    });\naccessToken=(await response).body.data.accessToken\nrefreshToken=(await response).body.data.refreshToken\nexpect((await response).status).to.equal(201);\nexpect((await response).body.status).to.equal(\"success\");\nexpect((await response).body.message).to.equal(\"Authentication berhasil ditambahkan\");\nconsole.log(\"accessToken:\",accessToken);\nconsole.log(\"refreshToken:\",refreshToken);",
              "err": {},
              "uuid": "58976244-eeb9-47ca-900b-97cd325296b8",
              "parentUUID": "c72434cb-f2ca-43b5-9032-01e56a59f4f8",
              "isHook": false,
              "skipped": false
            }
          ],
          "suites": [],
          "passes": [
            "58976244-eeb9-47ca-900b-97cd325296b8"
          ],
          "failures": [],
          "pending": [],
          "skipped": [],
          "duration": 1764,
          "root": false,
          "rootEmpty": false,
          "_timeout": 2000
        },
        {
          "uuid": "f19f51b2-fa79-469f-bae3-acb4eff7ee67",
          "title": "Add Unit",
          "fullFile": "D:\\Sanbercode\\TUGAS API AUTO\\tugasamel.js",
          "file": "\\tugasamel.js",
          "beforeHooks": [],
          "afterHooks": [],
          "tests": [
            {
              "title": "Add Unit",
              "fullTitle": "Add Unit Add Unit",
              "timedOut": false,
              "duration": 0,
              "state": "pending",
              "speed": null,
              "pass": false,
              "fail": false,
              "pending": true,
              "context": null,
              "code": "",
              "err": {},
              "uuid": "cb0410a0-bbe3-4d40-8be9-de4f2bd3bec2",
              "parentUUID": "f19f51b2-fa79-469f-bae3-acb4eff7ee67",
              "isHook": false,
              "skipped": false
            },
            {
              "title": "get Unit",
              "fullTitle": "Add Unit get Unit",
              "timedOut": false,
              "duration": 160,
              "state": "passed",
              "speed": "slow",
              "pass": true,
              "fail": false,
              "pending": false,
              "context": null,
              "code": "const response = await request(baseUrl)\n    .get(\"/units\")\n    .set(\"Authorization\",`Bearer ${accessToken}`);\n    console.log((await response).body.data.units[0]);\n    expect((await response).status).to.equal(200);\n    expect((await response).body.status).to.equal(\"success\");",
              "err": {},
              "uuid": "802dd16f-feb9-496c-a4ee-e17ccd6effad",
              "parentUUID": "f19f51b2-fa79-469f-bae3-acb4eff7ee67",
              "isHook": false,
              "skipped": false
            }
          ],
          "suites": [
            {
              "uuid": "ac8f060c-610b-4ba7-a15d-f8a1ac31a33a",
              "title": "Add Categories",
              "fullFile": "D:\\Sanbercode\\TUGAS API AUTO\\tugasamel.js",
              "file": "\\tugasamel.js",
              "beforeHooks": [],
              "afterHooks": [],
              "tests": [
                {
                  "title": "Add Categories",
                  "fullTitle": "Add Unit Add Categories Add Categories",
                  "timedOut": false,
                  "duration": 144,
                  "state": "passed",
                  "speed": "slow",
                  "pass": true,
                  "fail": false,
                  "pending": false,
                  "context": null,
                  "code": "const response = await request(baseUrl)\n    .post(\"/categories\")\n    .send({\n    \"name\": \"Siomay\",\n    \"description\": \"makanan\"\n    })\n    .set(\"Authorization\",`Bearer ${accessToken}`);\n    console.log((await response).body)\n    expect((await response).status).to.equal(201);\n    expect((await response).body.status).to.equal(\"success\");\n    expect((await response).body.message).to.equal(\"Category berhasil ditambahkan\");",
                  "err": {},
                  "uuid": "cca3e7ba-845c-4a36-a996-c5b7188ea6fa",
                  "parentUUID": "ac8f060c-610b-4ba7-a15d-f8a1ac31a33a",
                  "isHook": false,
                  "skipped": false
                }
              ],
              "suites": [],
              "passes": [
                "cca3e7ba-845c-4a36-a996-c5b7188ea6fa"
              ],
              "failures": [],
              "pending": [],
              "skipped": [],
              "duration": 144,
              "root": false,
              "rootEmpty": false,
              "_timeout": 2000
            },
            {
              "uuid": "3acc14d1-2092-48e9-9eb4-9c32149315b1",
              "title": "Add Customers",
              "fullFile": "D:\\Sanbercode\\TUGAS API AUTO\\tugasamel.js",
              "file": "\\tugasamel.js",
              "beforeHooks": [],
              "afterHooks": [],
              "tests": [
                {
                  "title": "Add Customers",
                  "fullTitle": "Add Unit Add Customers Add Customers",
                  "timedOut": false,
                  "duration": 156,
                  "state": "passed",
                  "speed": "slow",
                  "pass": true,
                  "fail": false,
                  "pending": false,
                  "context": null,
                  "code": "const response = await request(baseUrl)\n    .post(\"/customers\")\n    .send({\n    \"name\": \"Budi\",\n    \"phone\": \"081234567890\",\n    \"address\": \"Bandoeng\",\n    \"description\": \"Budi anak Pak Edi\"\n    })\n    .set(\"Authorization\",`Bearer ${accessToken}`);\n    console.log((await response).body)\n    expect((await response).status).to.equal(201);\n    expect((await response).body.status).to.equal(\"success\");\n    expect((await response).body.message).to.equal(\"Customer berhasil ditambahkan\");",
                  "err": {},
                  "uuid": "5801cd74-5afb-4ea2-8802-759ec92e92d7",
                  "parentUUID": "3acc14d1-2092-48e9-9eb4-9c32149315b1",
                  "isHook": false,
                  "skipped": false
                }
              ],
              "suites": [],
              "passes": [
                "5801cd74-5afb-4ea2-8802-759ec92e92d7"
              ],
              "failures": [],
              "pending": [],
              "skipped": [],
              "duration": 156,
              "root": false,
              "rootEmpty": false,
              "_timeout": 2000
            }
          ],
          "passes": [
            "802dd16f-feb9-496c-a4ee-e17ccd6effad"
          ],
          "failures": [],
          "pending": [
            "cb0410a0-bbe3-4d40-8be9-de4f2bd3bec2"
          ],
          "skipped": [],
          "duration": 160,
          "root": false,
          "rootEmpty": false,
          "_timeout": 2000
        }
      ],
      "passes": [],
      "failures": [],
      "pending": [],
      "skipped": [],
      "duration": 0,
      "root": true,
      "rootEmpty": true,
      "_timeout": 2000
    }
  ],
  "meta": {
    "mocha": {
      "version": "10.7.3"
    },
    "mochawesome": {
      "options": {
        "quiet": false,
        "reportFilename": "mochawesome",
        "saveHtml": true,
        "saveJson": true,
        "consoleReporter": "spec",
        "useInlineDiffs": false,
        "code": true
      },
      "version": "7.1.3"
    },
    "marge": {
      "options": null,
      "version": "6.2.0"
    }
  }
}